2022-03-11 13:38:09,649 INFO  frc.robot.Robot: robotInit
2022-03-11 13:38:09,666 INFO  frc.robot.Robot: Git version: 050e4fa (branch: master)
2022-03-11 13:38:09,667 INFO  frc.robot.Robot: Built: 2022-03-11  13:37:37 PST
2021-07-01 10:34:02,482 INFO  frc.robot.Robot: robotInit
2021-07-01 10:34:02,498 INFO  frc.robot.Robot: Git version: 050e4fa (branch: master)
2021-07-01 10:34:02,499 INFO  frc.robot.Robot: Built: 2022-03-11  13:37:37 PST
2022-03-11 14:01:00,345 INFO  frc.robot.commands.AutoMove: Distance: 0.0 	speed: 0.5 	setPoint: 70.0
2022-03-11 14:01:00,405 INFO  frc.robot.commands.AutoMove: Distance: 2.2822480758521273 	speed: 0.5 	setPoint: 70.0
2022-03-11 14:01:00,416 INFO  frc.robot.commands.AutoMove: Distance: 2.2822480758521273 	speed: 0.5 	setPoint: 70.0
2022-03-11 14:01:00,426 INFO  frc.robot.commands.AutoMove: Distance: 3.072954404031638 	speed: 0.5 	setPoint: 70.0
2022-03-11 14:01:00,436 INFO  frc.robot.commands.AutoMove: Distance: 3.072954404031638 	speed: 0.5 	setPoint: 70.0
2022-03-11 14:01:00,468 INFO  frc.robot.commands.AutoMove: Distance: 4.7718299147264 	speed: 0.5 	setPoint: 70.0
2022-03-11 14:01:00,479 INFO  frc.robot.commands.AutoMove: Distance: 4.7718299147264 	speed: 0.5 	setPoint: 70.0
2022-03-11 14:01:00,489 INFO  frc.robot.commands.AutoMove: Distance: 5.607471697249113 	speed: 0.5 	setPoint: 70.0
2022-03-11 14:01:00,499 INFO  frc.robot.commands.AutoMove: Distance: 5.607471697249113 	speed: 0.5 	setPoint: 70.0
2022-03-11 14:01:00,509 INFO  frc.robot.commands.AutoMove: Distance: 6.490413958027829 	speed: 0.5 	setPoint: 70.0
2022-03-11 14:01:00,519 INFO  frc.robot.commands.AutoMove: Distance: 6.490413958027829 	speed: 0.5 	setPoint: 70.0
2022-03-11 14:01:00,529 INFO  frc.robot.commands.AutoMove: Distance: 7.435635181843615 	speed: 0.5 	setPoint: 70.0
2022-03-11 14:01:00,545 INFO  frc.robot.commands.AutoMove: Distance: 7.435635181843615 	speed: 0.5 	setPoint: 70.0
2022-03-11 14:01:00,566 INFO  frc.robot.commands.AutoMove: Distance: 9.47901584250293 	speed: 0.5 	setPoint: 70.0
2022-03-11 14:01:00,586 INFO  frc.robot.commands.AutoMove: Distance: 10.516472998917921 	speed: 0.5 	setPoint: 70.0
2022-03-11 14:01:00,605 INFO  frc.robot.commands.AutoMove: Distance: 11.587040490112114 	speed: 0.5 	setPoint: 70.0
2022-03-11 14:01:00,625 INFO  frc.robot.commands.AutoMove: Distance: 12.662338029131908 	speed: 0.5 	setPoint: 70.0
2022-03-11 14:01:00,646 INFO  frc.robot.commands.AutoMove: Distance: 13.726598789891966 	speed: 0.5 	setPoint: 70.0
2022-03-11 14:01:00,667 INFO  frc.robot.commands.AutoMove: Distance: 14.838160028908028 	speed: 0.5 	setPoint: 70.0
2022-03-11 14:01:00,686 INFO  frc.robot.commands.AutoMove: Distance: 14.838160028908028 	speed: 0.5 	setPoint: 70.0
2022-03-11 14:01:00,705 INFO  frc.robot.commands.AutoMove: Distance: 17.17480365475456 	speed: 0.5 	setPoint: 70.0
2022-03-11 14:01:00,726 INFO  frc.robot.commands.AutoMove: Distance: 18.372294095935693 	speed: 0.5 	setPoint: 70.0
2022-03-11 14:01:00,746 INFO  frc.robot.commands.AutoMove: Distance: 19.557171076248558 	speed: 0.5 	setPoint: 70.0
2022-03-11 14:01:00,765 INFO  frc.robot.commands.AutoMove: Distance: 20.73337630221449 	speed: 0.5 	setPoint: 70.0
2022-03-11 14:01:00,786 INFO  frc.robot.commands.AutoMove: Distance: 21.90090977383349 	speed: 0.5 	setPoint: 70.0
2022-03-11 14:01:00,806 INFO  frc.robot.commands.AutoMove: Distance: 23.05109973675862 	speed: 0.5 	setPoint: 70.0
2022-03-11 14:01:00,826 INFO  frc.robot.commands.AutoMove: Distance: 24.218633208377618 	speed: 0.5 	setPoint: 70.0
2022-03-11 14:01:00,845 INFO  frc.robot.commands.AutoMove: Distance: 25.412970284341686 	speed: 0.5 	setPoint: 70.0
2022-03-11 14:01:00,866 INFO  frc.robot.commands.AutoMove: Distance: 26.60573067769722 	speed: 0.5 	setPoint: 70.0
2022-03-11 14:01:00,886 INFO  frc.robot.commands.AutoMove: Distance: 27.80322111887835 	speed: 0.5 	setPoint: 70.0
2022-03-11 14:01:00,905 INFO  frc.robot.commands.AutoMove: Distance: 29.008594973102152 	speed: 0.5 	setPoint: 70.0
2022-03-11 14:01:00,925 INFO  frc.robot.commands.AutoMove: Distance: 30.216333851238755 	speed: 0.5 	setPoint: 70.0
2022-03-11 14:01:00,946 INFO  frc.robot.commands.AutoMove: Distance: 31.420131022854022 	speed: 0.5 	setPoint: 70.0
2022-03-11 14:01:00,966 INFO  frc.robot.commands.AutoMove: Distance: 32.62313985316502 	speed: 0.5 	setPoint: 70.0
2022-03-11 14:01:00,986 INFO  frc.robot.commands.AutoMove: Distance: 33.817476929129086 	speed: 0.5 	setPoint: 70.0
2022-03-11 14:01:01,005 INFO  frc.robot.commands.AutoMove: Distance: 34.99841220292062 	speed: 0.5 	setPoint: 70.0
2022-03-11 14:01:01,026 INFO  frc.robot.commands.AutoMove: Distance: 36.17777079410362 	speed: 0.5 	setPoint: 70.0
2022-03-11 14:01:01,045 INFO  frc.robot.commands.AutoMove: Distance: 36.17777079410362 	speed: 0.5 	setPoint: 70.0
2022-03-11 14:01:01,065 INFO  frc.robot.commands.AutoMove: Distance: 38.55856153298909 	speed: 0.5 	setPoint: 70.0
2022-03-11 14:01:01,088 INFO  frc.robot.commands.AutoMove: Distance: 39.756840315474484 	speed: 0.5 	setPoint: 70.0
2022-03-11 14:01:01,106 INFO  frc.robot.commands.AutoMove: Distance: 39.756840315474484 	speed: 0.5 	setPoint: 70.0
2022-03-11 14:01:01,126 INFO  frc.robot.commands.AutoMove: Distance: 42.14551446740262 	speed: 0.5 	setPoint: 70.0
2022-03-11 14:01:01,146 INFO  frc.robot.commands.AutoMove: Distance: 43.35325334553922 	speed: 0.5 	setPoint: 70.0
2022-03-11 14:01:01,166 INFO  frc.robot.commands.AutoMove: Distance: 44.56808729541422 	speed: 0.5 	setPoint: 70.0
2022-03-11 14:01:01,186 INFO  frc.robot.commands.AutoMove: Distance: 45.77661451485509 	speed: 0.5 	setPoint: 70.0
2022-03-11 14:01:01,205 INFO  frc.robot.commands.AutoMove: Distance: 46.97962334516609 	speed: 0.5 	setPoint: 70.0
2022-03-11 14:01:01,226 INFO  frc.robot.commands.AutoMove: Distance: 48.173960421130154 	speed: 0.5 	setPoint: 70.0
2022-03-11 14:01:01,246 INFO  frc.robot.commands.AutoMove: Distance: 49.348588964487554 	speed: 0.5 	setPoint: 70.0
2022-03-11 14:01:01,266 INFO  frc.robot.commands.AutoMove: Distance: 50.517699118715086 	speed: 0.5 	setPoint: 70.0
2022-03-11 14:01:01,285 INFO  frc.robot.commands.AutoMove: Distance: 50.517699118715086 	speed: 0.5 	setPoint: 70.0
2022-03-11 14:01:01,306 INFO  frc.robot.commands.AutoMove: Distance: 52.88745307934082 	speed: 0.5 	setPoint: 70.0
2022-03-11 14:01:01,325 INFO  frc.robot.commands.AutoMove: Distance: 54.07075337704515 	speed: 0.4778773986886455 	setPoint: 70.0
2022-03-11 14:01:01,345 INFO  frc.robot.commands.AutoMove: Distance: 55.25326533344522 	speed: 0.44240203999664335 	setPoint: 70.0
2022-03-11 14:01:01,366 INFO  frc.robot.commands.AutoMove: Distance: 56.411338709413016 	speed: 0.4076598387176095 	setPoint: 70.0
2022-03-11 14:01:01,386 INFO  frc.robot.commands.AutoMove: Distance: 57.48190620060721 	speed: 0.3755428139817836 	setPoint: 70.0
2022-03-11 14:01:01,406 INFO  frc.robot.commands.AutoMove: Distance: 58.46181444181073 	speed: 0.3461455667456781 	setPoint: 70.0
2022-03-11 14:01:01,425 INFO  frc.robot.commands.AutoMove: Distance: 59.37313698954305 	speed: 0.31880589031370854 	setPoint: 70.0
2022-03-11 14:01:01,445 INFO  frc.robot.commands.AutoMove: Distance: 60.24031242423643 	speed: 0.2927906272729071 	setPoint: 70.0
2022-03-11 14:01:01,465 INFO  frc.robot.commands.AutoMove: Distance: 60.24031242423643 	speed: 0.2927906272729071 	setPoint: 70.0
2022-03-11 14:01:01,486 INFO  frc.robot.commands.AutoMove: Distance: 61.617544682790374 	speed: 0.25147365951628875 	setPoint: 70.0
2022-03-11 14:01:01,509 INFO  frc.robot.commands.AutoMove: Distance: 62.18672710447094 	speed: 0.2343981868658718 	setPoint: 70.0
2022-03-11 14:01:01,526 INFO  frc.robot.commands.AutoMove: Distance: 62.18672710447094 	speed: 0.2343981868658718 	setPoint: 70.0
2022-03-11 14:01:01,546 INFO  frc.robot.commands.AutoMove: Distance: 62.986105186997385 	speed: 0.21041684439007843 	setPoint: 70.0
2022-03-11 14:01:01,566 INFO  frc.robot.commands.AutoMove: Distance: 63.287251565227265 	speed: 0.20138245304318203 	setPoint: 70.0
2022-03-11 14:01:01,586 INFO  frc.robot.commands.AutoMove: Distance: 63.49537366955368 	speed: 0.19513878991338962 	setPoint: 70.0
2022-03-11 14:01:01,608 INFO  frc.robot.commands.AutoMove: Distance: 63.63885178693022 	speed: 0.19083444639209346 	setPoint: 70.0
2022-03-11 14:01:01,630 INFO  frc.robot.commands.AutoMove: Distance: 63.72399264779103 	speed: 0.18828022056626914 	setPoint: 70.0
2022-03-11 14:01:01,645 INFO  frc.robot.commands.AutoMove: Distance: 63.72399264779103 	speed: 0.18828022056626914 	setPoint: 70.0
2022-03-11 14:01:01,666 INFO  frc.robot.commands.AutoMove: Distance: 63.79178999995796 	speed: 0.1862463000012611 	setPoint: 70.0
2022-03-11 14:01:01,686 INFO  frc.robot.commands.AutoMove: Distance: 63.79730838908783 	speed: 0.18608074832736504 	setPoint: 70.0
2022-03-11 14:01:01,705 INFO  frc.robot.commands.AutoMove: Distance: 63.79730838908783 	speed: 0.18608074832736504 	setPoint: 70.0
2022-03-11 14:01:01,726 INFO  frc.robot.commands.AutoMove: Distance: 63.79730838908783 	speed: 0.18608074832736504 	setPoint: 70.0
2022-03-11 14:01:01,745 INFO  frc.robot.commands.AutoMove: Distance: 63.79494336517503 	speed: 0.1861516990447491 	setPoint: 70.0
2022-03-11 14:01:01,765 INFO  frc.robot.commands.AutoMove: Distance: 63.79178999995796 	speed: 0.1862463000012611 	setPoint: 70.0
2022-03-11 14:01:01,785 INFO  frc.robot.commands.AutoMove: Distance: 63.79178999995796 	speed: 0.1862463000012611 	setPoint: 70.0
2022-03-11 14:01:01,805 INFO  frc.robot.commands.AutoMove: Distance: 63.78942497604516 	speed: 0.18631725071864516 	setPoint: 70.0
2022-03-11 14:01:01,829 INFO  frc.robot.commands.AutoMove: Distance: 63.7886366347409 	speed: 0.1863409009577731 	setPoint: 70.0
2022-03-11 14:01:01,845 INFO  frc.robot.commands.AutoMove: Distance: 63.7886366347409 	speed: 0.1863409009577731 	setPoint: 70.0
2022-03-11 14:01:01,866 INFO  frc.robot.commands.AutoMove: Distance: 63.78705995213236 	speed: 0.1863882014360292 	setPoint: 70.0
2022-03-11 14:01:01,885 INFO  frc.robot.commands.AutoMove: Distance: 63.78705995213236 	speed: 0.1863882014360292 	setPoint: 70.0
2022-03-11 14:01:01,906 INFO  frc.robot.commands.AutoMove: Distance: 63.78705995213236 	speed: 0.1863882014360292 	setPoint: 70.0
2022-03-11 14:01:01,925 INFO  frc.robot.commands.AutoMove: Distance: 63.78784829343663 	speed: 0.18636455119690104 	setPoint: 70.0
2022-03-11 14:01:01,945 INFO  frc.robot.commands.AutoMove: Distance: 63.78784829343663 	speed: 0.18636455119690104 	setPoint: 70.0
2022-03-11 14:01:01,966 INFO  frc.robot.commands.AutoMove: Distance: 63.78784829343663 	speed: 0.18636455119690104 	setPoint: 70.0
2022-03-11 14:01:01,986 INFO  frc.robot.commands.AutoMove: Distance: 63.78705995213236 	speed: 0.1863882014360292 	setPoint: 70.0
2022-03-11 14:01:02,005 INFO  frc.robot.commands.AutoMove: Distance: 63.78705995213236 	speed: 0.1863882014360292 	setPoint: 70.0
2022-03-11 14:01:02,025 INFO  frc.robot.commands.AutoMove: Distance: 63.78705995213236 	speed: 0.1863882014360292 	setPoint: 70.0
2022-03-11 14:01:02,046 INFO  frc.robot.commands.AutoMove: Distance: 63.78705995213236 	speed: 0.1863882014360292 	setPoint: 70.0
2022-03-11 14:01:02,065 INFO  frc.robot.commands.AutoMove: Distance: 63.790213317349426 	speed: 0.1862936004795172 	setPoint: 70.0
2022-03-11 14:01:02,085 INFO  frc.robot.commands.AutoMove: Distance: 63.790213317349426 	speed: 0.1862936004795172 	setPoint: 70.0
2022-03-11 14:01:02,105 INFO  frc.robot.commands.AutoMove: Distance: 63.790213317349426 	speed: 0.1862936004795172 	setPoint: 70.0
2022-03-11 14:01:02,126 INFO  frc.robot.commands.AutoMove: Distance: 63.7886366347409 	speed: 0.1863409009577731 	setPoint: 70.0
2022-03-11 14:01:02,148 INFO  frc.robot.commands.AutoMove: Distance: 63.78784829343663 	speed: 0.18636455119690104 	setPoint: 70.0
2022-03-11 14:01:02,166 INFO  frc.robot.commands.AutoMove: Distance: 63.78784829343663 	speed: 0.18636455119690104 	setPoint: 70.0
2022-03-11 14:01:02,185 INFO  frc.robot.commands.AutoMove: Distance: 63.78784829343663 	speed: 0.18636455119690104 	setPoint: 70.0
2022-03-11 14:01:02,205 INFO  frc.robot.commands.AutoMove: Distance: 63.78784829343663 	speed: 0.18636455119690104 	setPoint: 70.0
2022-03-11 14:01:02,225 INFO  frc.robot.commands.AutoMove: Distance: 63.78784829343663 	speed: 0.18636455119690104 	setPoint: 70.0
2022-03-11 14:01:02,245 INFO  frc.robot.commands.AutoMove: Distance: 63.78784829343663 	speed: 0.18636455119690104 	setPoint: 70.0
2022-03-11 14:01:02,266 INFO  frc.robot.commands.AutoMove: Distance: 63.78784829343663 	speed: 0.18636455119690104 	setPoint: 70.0
2022-03-11 14:01:02,285 INFO  frc.robot.commands.AutoMove: Distance: 63.78784829343663 	speed: 0.18636455119690104 	setPoint: 70.0
2022-03-11 14:01:02,305 INFO  frc.robot.commands.AutoMove: Distance: 63.78784829343663 	speed: 0.18636455119690104 	setPoint: 70.0
2022-03-11 14:01:02,325 INFO  frc.robot.commands.AutoMove: Distance: 63.78784829343663 	speed: 0.18636455119690104 	setPoint: 70.0
2022-03-11 14:01:02,345 INFO  frc.robot.commands.AutoMove: Distance: 63.78784829343663 	speed: 0.18636455119690104 	setPoint: 70.0
2022-03-11 14:01:02,366 INFO  frc.robot.commands.AutoMove: Distance: 63.78784829343663 	speed: 0.18636455119690104 	setPoint: 70.0
2022-03-11 14:01:02,385 INFO  frc.robot.commands.AutoMove: Distance: 63.78784829343663 	speed: 0.18636455119690104 	setPoint: 70.0
2022-03-11 14:01:02,405 INFO  frc.robot.commands.AutoMove: Distance: 63.78784829343663 	speed: 0.18636455119690104 	setPoint: 70.0
2022-03-11 14:01:02,426 INFO  frc.robot.commands.AutoMove: Distance: 63.78784829343663 	speed: 0.18636455119690104 	setPoint: 70.0
2022-03-11 14:01:02,445 INFO  frc.robot.commands.AutoMove: Distance: 63.78784829343663 	speed: 0.18636455119690104 	setPoint: 70.0
2022-03-11 14:01:02,466 INFO  frc.robot.commands.AutoMove: Distance: 63.78784829343663 	speed: 0.18636455119690104 	setPoint: 70.0
2022-03-11 14:01:02,486 INFO  frc.robot.commands.AutoMove: Distance: 63.78784829343663 	speed: 0.18636455119690104 	setPoint: 70.0
2022-03-11 14:01:02,506 INFO  frc.robot.commands.AutoMove: Distance: 63.78784829343663 	speed: 0.18636455119690104 	setPoint: 70.0
2022-03-11 14:01:02,525 INFO  frc.robot.commands.AutoMove: Distance: 63.78784829343663 	speed: 0.18636455119690104 	setPoint: 70.0
2022-03-11 14:01:02,545 INFO  frc.robot.commands.AutoMove: Distance: 63.78784829343663 	speed: 0.18636455119690104 	setPoint: 70.0
2022-03-11 14:01:02,571 INFO  frc.robot.commands.AutoMove: Distance: 63.78784829343663 	speed: 0.18636455119690104 	setPoint: 70.0
2022-03-11 14:01:02,585 INFO  frc.robot.commands.AutoMove: Distance: 63.78784829343663 	speed: 0.18636455119690104 	setPoint: 70.0
2022-03-11 14:01:02,605 INFO  frc.robot.commands.AutoMove: Distance: 63.78784829343663 	speed: 0.18636455119690104 	setPoint: 70.0
2022-03-11 14:01:02,625 INFO  frc.robot.commands.AutoMove: Distance: 63.78784829343663 	speed: 0.18636455119690104 	setPoint: 70.0
2022-03-11 14:01:02,645 INFO  frc.robot.commands.AutoMove: Distance: 63.78784829343663 	speed: 0.18636455119690104 	setPoint: 70.0
2022-03-11 14:01:02,666 INFO  frc.robot.commands.AutoMove: Distance: 63.78784829343663 	speed: 0.18636455119690104 	setPoint: 70.0
2022-03-11 14:01:02,685 INFO  frc.robot.commands.AutoMove: Distance: 63.78784829343663 	speed: 0.18636455119690104 	setPoint: 70.0
2022-03-11 14:01:02,705 INFO  frc.robot.commands.AutoMove: Distance: 63.78784829343663 	speed: 0.18636455119690104 	setPoint: 70.0
2022-03-11 14:01:02,725 INFO  frc.robot.commands.AutoMove: Distance: 63.78784829343663 	speed: 0.18636455119690104 	setPoint: 70.0
2022-03-11 14:01:02,745 INFO  frc.robot.commands.AutoMove: Distance: 63.78784829343663 	speed: 0.18636455119690104 	setPoint: 70.0
2022-03-11 14:01:02,766 INFO  frc.robot.commands.AutoMove: Distance: 63.78784829343663 	speed: 0.18636455119690104 	setPoint: 70.0
2022-03-11 14:01:02,785 INFO  frc.robot.commands.AutoMove: Distance: 63.78784829343663 	speed: 0.18636455119690104 	setPoint: 70.0
2022-03-11 14:01:02,806 INFO  frc.robot.commands.AutoMove: Distance: 63.78784829343663 	speed: 0.18636455119690104 	setPoint: 70.0
2022-03-11 14:01:02,825 INFO  frc.robot.commands.AutoMove: Distance: 63.78784829343663 	speed: 0.18636455119690104 	setPoint: 70.0
2022-03-11 14:01:02,845 INFO  frc.robot.commands.AutoMove: Distance: 63.78784829343663 	speed: 0.18636455119690104 	setPoint: 70.0
2022-03-11 14:01:02,866 INFO  frc.robot.commands.AutoMove: Distance: 63.78784829343663 	speed: 0.18636455119690104 	setPoint: 70.0
2022-03-11 14:01:02,888 INFO  frc.robot.commands.AutoMove: Distance: 63.78784829343663 	speed: 0.18636455119690104 	setPoint: 70.0
2022-03-11 14:01:02,905 INFO  frc.robot.commands.AutoMove: Distance: 63.78784829343663 	speed: 0.18636455119690104 	setPoint: 70.0
2022-03-11 14:01:02,925 INFO  frc.robot.commands.AutoMove: Distance: 63.78784829343663 	speed: 0.18636455119690104 	setPoint: 70.0
2022-03-11 14:01:02,945 INFO  frc.robot.commands.AutoMove: Distance: 63.78784829343663 	speed: 0.18636455119690104 	setPoint: 70.0
2022-03-11 14:01:02,965 INFO  frc.robot.commands.AutoMove: Distance: 63.78784829343663 	speed: 0.18636455119690104 	setPoint: 70.0
2022-03-11 14:01:02,985 INFO  frc.robot.commands.AutoMove: Distance: 63.78784829343663 	speed: 0.18636455119690104 	setPoint: 70.0
2022-03-11 14:01:03,005 INFO  frc.robot.commands.AutoMove: Distance: 63.78784829343663 	speed: 0.18636455119690104 	setPoint: 70.0
2022-03-11 14:01:03,025 INFO  frc.robot.commands.AutoMove: Distance: 63.78784829343663 	speed: 0.18636455119690104 	setPoint: 70.0
2022-03-11 14:01:03,045 INFO  frc.robot.commands.AutoMove: Distance: 63.78784829343663 	speed: 0.18636455119690104 	setPoint: 70.0
2022-03-11 14:01:03,065 INFO  frc.robot.commands.AutoMove: Distance: 63.78784829343663 	speed: 0.18636455119690104 	setPoint: 70.0
2022-03-11 14:01:03,086 INFO  frc.robot.commands.AutoMove: Distance: 63.78784829343663 	speed: 0.18636455119690104 	setPoint: 70.0
2022-03-11 14:01:03,106 INFO  frc.robot.commands.AutoMove: Distance: 63.78784829343663 	speed: 0.18636455119690104 	setPoint: 70.0
2022-03-11 14:01:03,125 INFO  frc.robot.commands.AutoMove: Distance: 63.78784829343663 	speed: 0.18636455119690104 	setPoint: 70.0
2022-03-11 14:01:03,145 INFO  frc.robot.commands.AutoMove: Distance: 63.78784829343663 	speed: 0.18636455119690104 	setPoint: 70.0
2022-03-11 14:01:03,165 INFO  frc.robot.commands.AutoMove: Distance: 63.78784829343663 	speed: 0.18636455119690104 	setPoint: 70.0
2022-03-11 14:01:03,186 INFO  frc.robot.commands.AutoMove: Distance: 63.78784829343663 	speed: 0.18636455119690104 	setPoint: 70.0
2022-03-11 14:01:03,206 INFO  frc.robot.commands.AutoMove: Distance: 63.78784829343663 	speed: 0.18636455119690104 	setPoint: 70.0
2022-03-11 14:01:03,225 INFO  frc.robot.commands.AutoMove: Distance: 63.78784829343663 	speed: 0.18636455119690104 	setPoint: 70.0
2022-03-11 14:01:03,245 INFO  frc.robot.commands.AutoMove: Distance: 63.78784829343663 	speed: 0.18636455119690104 	setPoint: 70.0
2022-03-11 14:01:03,265 INFO  frc.robot.commands.AutoMove: Distance: 63.78784829343663 	speed: 0.18636455119690104 	setPoint: 70.0
2022-03-11 14:01:03,286 INFO  frc.robot.commands.AutoMove: Distance: 63.78784829343663 	speed: 0.18636455119690104 	setPoint: 70.0
2022-03-11 14:01:03,310 INFO  frc.robot.commands.AutoMove: Distance: 63.78784829343663 	speed: 0.18636455119690104 	setPoint: 70.0
2022-03-11 14:01:03,326 INFO  frc.robot.commands.AutoMove: Distance: 63.78784829343663 	speed: -0.5 	setPoint: -20.0
2022-03-11 14:01:03,345 INFO  frc.robot.commands.AutoMove: Distance: 0.0 	speed: -0.5 	setPoint: -20.0
2022-03-11 14:01:03,365 INFO  frc.robot.commands.AutoMove: Distance: 0.0 	speed: -0.5 	setPoint: -20.0
2022-03-11 14:01:03,386 INFO  frc.robot.commands.AutoMove: Distance: -0.752077604270442 	speed: -0.5 	setPoint: -20.0
2022-03-11 14:01:03,406 INFO  frc.robot.commands.AutoMove: Distance: -1.281054619433405 	speed: -0.5 	setPoint: -20.0
2022-03-11 14:01:03,425 INFO  frc.robot.commands.AutoMove: Distance: -1.9661232128411765 	speed: -0.5 	setPoint: -20.0
2022-03-11 14:01:03,445 INFO  frc.robot.commands.AutoMove: Distance: -2.7000689671134843 	speed: -0.5 	setPoint: -20.0
2022-03-11 14:01:03,466 INFO  frc.robot.commands.AutoMove: Distance: -3.496293684422862 	speed: -0.4951111894673141 	setPoint: -20.0
2022-03-11 14:01:03,485 INFO  frc.robot.commands.AutoMove: Distance: -4.371352532158911 	speed: -0.4688594240352327 	setPoint: -20.0
2022-03-11 14:01:03,505 INFO  frc.robot.commands.AutoMove: Distance: -5.229067871201092 	speed: -0.4431279638639672 	setPoint: -20.0
2022-03-11 14:01:03,526 INFO  frc.robot.commands.AutoMove: Distance: -6.095454964590207 	speed: -0.4171363510622938 	setPoint: -20.0
2022-03-11 14:01:03,545 INFO  frc.robot.commands.AutoMove: Distance: -6.966572105804922 	speed: -0.39100283682585235 	setPoint: -20.0
2022-03-11 14:01:03,566 INFO  frc.robot.commands.AutoMove: Distance: -7.8298058339769705 	speed: -0.3651058249806909 	setPoint: -20.0
2022-03-11 14:01:03,586 INFO  frc.robot.commands.AutoMove: Distance: -8.630760599111948 	speed: -0.34107718202664156 	setPoint: -20.0
2022-03-11 14:01:03,606 INFO  frc.robot.commands.AutoMove: Distance: -9.360764646862922 	speed: -0.3191770605941123 	setPoint: -20.0
2022-03-11 14:01:03,627 INFO  frc.robot.commands.AutoMove: Distance: -10.02060631853416 	speed: -0.2993818104439752 	setPoint: -20.0
2022-03-11 14:01:03,645 INFO  frc.robot.commands.AutoMove: Distance: -10.02060631853416 	speed: -0.2993818104439752 	setPoint: -20.0
2022-03-11 14:01:03,665 INFO  frc.robot.commands.AutoMove: Distance: -11.187351448848892 	speed: -0.2643794565345332 	setPoint: -20.0
2022-03-11 14:01:03,686 INFO  frc.robot.commands.AutoMove: Distance: -11.726576900967322 	speed: -0.24820269297098033 	setPoint: -20.0
2022-03-11 14:01:03,705 INFO  frc.robot.commands.AutoMove: Distance: -12.187756563963347 	speed: -0.23436730308109957 	setPoint: -20.0
2022-03-11 14:01:03,725 INFO  frc.robot.commands.AutoMove: Distance: -12.187756563963347 	speed: -0.23436730308109957 	setPoint: -20.0
2022-03-11 14:01:03,745 INFO  frc.robot.commands.AutoMove: Distance: -12.82237131389805 	speed: -0.2153288605830585 	setPoint: -20.0
2022-03-11 14:01:03,766 INFO  frc.robot.commands.AutoMove: Distance: -13.04310687909273 	speed: -0.2087067936272181 	setPoint: -20.0
2022-03-11 14:01:03,785 INFO  frc.robot.commands.AutoMove: Distance: -13.198410116033271 	speed: -0.20404769651900187 	setPoint: -20.0
2022-03-11 14:01:03,805 INFO  frc.robot.commands.AutoMove: Distance: -13.293011072545276 	speed: -0.2012096678236417 	setPoint: -20.0
2022-03-11 14:01:03,825 INFO  frc.robot.commands.AutoMove: Distance: -13.348194963843946 	speed: -0.1995541510846816 	setPoint: -20.0
2022-03-11 14:01:03,846 INFO  frc.robot.commands.AutoMove: Distance: -13.379728616014614 	speed: -0.19860814151956158 	setPoint: -20.0
2022-03-11 14:01:03,865 INFO  frc.robot.commands.AutoMove: Distance: -13.392342076882882 	speed: -0.19822973769351354 	setPoint: -20.0
2022-03-11 14:01:03,885 INFO  frc.robot.commands.AutoMove: Distance: -13.393918759491415 	speed: -0.19818243721525755 	setPoint: -20.0
2022-03-11 14:01:03,906 INFO  frc.robot.commands.AutoMove: Distance: -13.393918759491415 	speed: -0.19818243721525755 	setPoint: -20.0
2022-03-11 14:01:03,925 INFO  frc.robot.commands.AutoMove: Distance: -13.393918759491415 	speed: -0.19818243721525755 	setPoint: -20.0
2022-03-11 14:01:03,945 INFO  frc.robot.commands.AutoMove: Distance: -13.393918759491415 	speed: -0.19818243721525755 	setPoint: -20.0
2022-03-11 14:01:03,966 INFO  frc.robot.commands.AutoMove: Distance: -13.393918759491415 	speed: -0.19818243721525755 	setPoint: -20.0
2022-03-11 14:01:03,986 INFO  frc.robot.commands.AutoMove: Distance: -13.393918759491415 	speed: -0.19818243721525755 	setPoint: -20.0
2022-03-11 14:01:04,005 INFO  frc.robot.commands.AutoMove: Distance: -13.389977052970082 	speed: -0.19830068841089754 	setPoint: -20.0
2022-03-11 14:01:04,025 INFO  frc.robot.commands.AutoMove: Distance: -13.384458663840213 	speed: -0.19846624008479358 	setPoint: -20.0
2022-03-11 14:01:04,046 INFO  frc.robot.commands.AutoMove: Distance: -13.378940274710347 	speed: -0.19863179175868959 	setPoint: -20.0
2022-03-11 14:01:04,066 INFO  frc.robot.commands.AutoMove: Distance: -13.37815193340608 	speed: -0.1986554419978176 	setPoint: -20.0
2022-03-11 14:01:04,085 INFO  frc.robot.commands.AutoMove: Distance: -13.37815193340608 	speed: -0.1986554419978176 	setPoint: -20.0
2022-03-11 14:01:04,105 INFO  frc.robot.commands.AutoMove: Distance: -13.382093639927414 	speed: -0.19853719080217758 	setPoint: -20.0
2022-03-11 14:01:04,125 INFO  frc.robot.commands.AutoMove: Distance: -13.386035346448748 	speed: -0.19841893960653753 	setPoint: -20.0
2022-03-11 14:01:04,145 INFO  frc.robot.commands.AutoMove: Distance: -13.388400370361548 	speed: -0.19834798888915353 	setPoint: -20.0
2022-03-11 14:01:04,165 INFO  frc.robot.commands.AutoMove: Distance: -13.388400370361548 	speed: -0.19834798888915353 	setPoint: -20.0
2022-03-11 14:01:04,185 INFO  frc.robot.commands.AutoMove: Distance: -13.389188711665815 	speed: -0.19832433865002555 	setPoint: -20.0
2022-03-11 14:01:04,205 INFO  frc.robot.commands.AutoMove: Distance: -13.389188711665815 	speed: -0.19832433865002555 	setPoint: -20.0
2022-03-11 14:01:04,225 INFO  frc.robot.commands.AutoMove: Distance: -13.389188711665815 	speed: -0.19832433865002555 	setPoint: -20.0
2022-03-11 14:01:04,245 INFO  frc.robot.commands.AutoMove: Distance: -13.389977052970082 	speed: -0.19830068841089754 	setPoint: -20.0
2022-03-11 14:01:04,266 INFO  frc.robot.commands.AutoMove: Distance: -13.389977052970082 	speed: -0.19830068841089754 	setPoint: -20.0
2022-03-11 14:01:04,286 INFO  frc.robot.commands.AutoMove: Distance: -13.389977052970082 	speed: -0.19830068841089754 	setPoint: -20.0
2022-03-11 14:01:04,305 INFO  frc.robot.commands.AutoMove: Distance: -13.389977052970082 	speed: -0.19830068841089754 	setPoint: -20.0
2022-03-11 14:01:04,325 INFO  frc.robot.commands.AutoMove: Distance: -13.389977052970082 	speed: -0.19830068841089754 	setPoint: -20.0
2022-03-11 14:01:04,345 INFO  frc.robot.commands.AutoMove: Distance: -13.389977052970082 	speed: -0.19830068841089754 	setPoint: -20.0
2022-03-11 14:01:04,366 INFO  frc.robot.commands.AutoMove: Distance: -13.389977052970082 	speed: -0.19830068841089754 	setPoint: -20.0
2022-03-11 14:01:04,385 INFO  frc.robot.commands.AutoMove: Distance: -13.389977052970082 	speed: -0.19830068841089754 	setPoint: -20.0
2022-03-11 14:01:04,405 INFO  frc.robot.commands.AutoMove: Distance: -13.389977052970082 	speed: -0.19830068841089754 	setPoint: -20.0
2022-03-11 14:01:04,425 INFO  frc.robot.commands.AutoMove: Distance: -13.389977052970082 	speed: -0.19830068841089754 	setPoint: -20.0
2022-03-11 14:01:04,445 INFO  frc.robot.commands.AutoMove: Distance: -13.389977052970082 	speed: -0.19830068841089754 	setPoint: -20.0
2022-03-11 14:01:04,471 INFO  frc.robot.commands.AutoMove: Distance: -13.389977052970082 	speed: -0.19830068841089754 	setPoint: -20.0
2022-03-11 14:01:04,485 INFO  frc.robot.commands.AutoMove: Distance: -13.389977052970082 	speed: -0.19830068841089754 	setPoint: -20.0
2022-03-11 14:01:04,505 INFO  frc.robot.commands.AutoMove: Distance: -13.389977052970082 	speed: -0.19830068841089754 	setPoint: -20.0
2022-03-11 14:01:04,526 INFO  frc.robot.commands.AutoMove: Distance: -13.389977052970082 	speed: -0.19830068841089754 	setPoint: -20.0
2022-03-11 14:01:04,545 INFO  frc.robot.commands.AutoMove: Distance: -13.389977052970082 	speed: -0.19830068841089754 	setPoint: -20.0
2022-03-11 14:01:04,565 INFO  frc.robot.commands.AutoMove: Distance: -13.389977052970082 	speed: -0.19830068841089754 	setPoint: -20.0
2022-03-11 14:01:04,585 INFO  frc.robot.commands.AutoMove: Distance: -13.389977052970082 	speed: -0.19830068841089754 	setPoint: -20.0
2022-03-11 14:01:04,605 INFO  frc.robot.commands.AutoMove: Distance: -13.389977052970082 	speed: -0.19830068841089754 	setPoint: -20.0
2022-03-11 14:01:04,626 INFO  frc.robot.commands.AutoMove: Distance: -13.389977052970082 	speed: -0.19830068841089754 	setPoint: -20.0
2022-03-11 14:01:04,645 INFO  frc.robot.commands.AutoMove: Distance: -13.389977052970082 	speed: -0.19830068841089754 	setPoint: -20.0
2022-03-11 14:01:04,666 INFO  frc.robot.commands.AutoMove: Distance: -13.389977052970082 	speed: -0.19830068841089754 	setPoint: -20.0
2022-03-11 14:01:04,685 INFO  frc.robot.commands.AutoMove: Distance: -13.389977052970082 	speed: -0.19830068841089754 	setPoint: -20.0
2022-03-11 14:01:04,705 INFO  frc.robot.commands.AutoMove: Distance: -13.389977052970082 	speed: -0.19830068841089754 	setPoint: -20.0
2022-03-11 14:01:04,725 INFO  frc.robot.commands.AutoMove: Distance: -13.389977052970082 	speed: -0.19830068841089754 	setPoint: -20.0
2022-03-11 14:01:04,745 INFO  frc.robot.commands.AutoMove: Distance: -13.389977052970082 	speed: -0.19830068841089754 	setPoint: -20.0
2022-03-11 14:01:04,765 INFO  frc.robot.commands.AutoMove: Distance: -13.389977052970082 	speed: -0.19830068841089754 	setPoint: -20.0
2022-03-11 14:01:04,786 INFO  frc.robot.commands.AutoMove: Distance: -13.389977052970082 	speed: -0.19830068841089754 	setPoint: -20.0
2022-03-11 14:01:04,805 INFO  frc.robot.commands.AutoMove: Distance: -13.389977052970082 	speed: -0.19830068841089754 	setPoint: -20.0
2022-03-11 14:01:04,825 INFO  frc.robot.commands.AutoMove: Distance: -13.389977052970082 	speed: -0.19830068841089754 	setPoint: -20.0
2022-03-11 14:01:04,845 INFO  frc.robot.commands.AutoMove: Distance: -13.389977052970082 	speed: -0.19830068841089754 	setPoint: -20.0
2022-03-11 14:01:04,866 INFO  frc.robot.commands.AutoMove: Distance: -13.389977052970082 	speed: -0.19830068841089754 	setPoint: -20.0
2022-03-11 14:01:04,885 INFO  frc.robot.commands.AutoMove: Distance: -13.389977052970082 	speed: -0.19830068841089754 	setPoint: -20.0
2022-03-11 14:01:04,905 INFO  frc.robot.commands.AutoMove: Distance: -13.389977052970082 	speed: -0.19830068841089754 	setPoint: -20.0
2022-03-11 14:01:04,925 INFO  frc.robot.commands.AutoMove: Distance: -13.389977052970082 	speed: -0.19830068841089754 	setPoint: -20.0
2022-03-11 14:01:04,945 INFO  frc.robot.commands.AutoMove: Distance: -13.389977052970082 	speed: -0.19830068841089754 	setPoint: -20.0
2022-03-11 14:01:04,966 INFO  frc.robot.commands.AutoMove: Distance: -13.389977052970082 	speed: -0.19830068841089754 	setPoint: -20.0
2022-03-11 14:01:04,986 INFO  frc.robot.commands.AutoMove: Distance: -13.389977052970082 	speed: -0.19830068841089754 	setPoint: -20.0
2022-03-11 14:01:05,005 INFO  frc.robot.commands.AutoMove: Distance: -13.389977052970082 	speed: -0.19830068841089754 	setPoint: -20.0
2022-03-11 14:01:05,025 INFO  frc.robot.commands.AutoMove: Distance: -13.389977052970082 	speed: -0.19830068841089754 	setPoint: -20.0
2022-03-11 14:01:05,045 INFO  frc.robot.commands.AutoMove: Distance: -13.389977052970082 	speed: -0.19830068841089754 	setPoint: -20.0
2022-03-11 14:01:05,066 INFO  frc.robot.commands.AutoMove: Distance: -13.389977052970082 	speed: -0.19830068841089754 	setPoint: -20.0
2022-03-11 14:01:05,086 INFO  frc.robot.commands.AutoMove: Distance: -13.389977052970082 	speed: -0.19830068841089754 	setPoint: -20.0
2022-03-11 14:01:05,106 INFO  frc.robot.commands.AutoMove: Distance: -13.389977052970082 	speed: -0.19830068841089754 	setPoint: -20.0
2022-03-11 14:01:05,125 INFO  frc.robot.commands.AutoMove: Distance: -13.389977052970082 	speed: -0.19830068841089754 	setPoint: -20.0
2022-03-11 14:01:05,145 INFO  frc.robot.commands.AutoMove: Distance: -13.389977052970082 	speed: -0.19830068841089754 	setPoint: -20.0
2022-03-11 14:01:05,166 INFO  frc.robot.commands.AutoMove: Distance: -13.389977052970082 	speed: -0.19830068841089754 	setPoint: -20.0
2022-03-11 14:01:05,185 INFO  frc.robot.commands.AutoMove: Distance: -13.389977052970082 	speed: -0.19830068841089754 	setPoint: -20.0
2022-03-11 14:01:05,210 INFO  frc.robot.commands.AutoMove: Distance: -13.389977052970082 	speed: -0.19830068841089754 	setPoint: -20.0
2022-03-11 14:01:05,225 INFO  frc.robot.commands.AutoMove: Distance: -13.389977052970082 	speed: -0.19830068841089754 	setPoint: -20.0
2022-03-11 14:01:05,246 INFO  frc.robot.commands.AutoMove: Distance: -13.389977052970082 	speed: -0.19830068841089754 	setPoint: -20.0
2022-03-11 14:01:05,266 INFO  frc.robot.commands.AutoMove: Distance: -13.389977052970082 	speed: -0.19830068841089754 	setPoint: -20.0
2022-03-11 14:01:05,285 INFO  frc.robot.commands.AutoMove: Distance: -13.389977052970082 	speed: -0.19830068841089754 	setPoint: -20.0
2022-03-11 14:01:05,305 INFO  frc.robot.commands.AutoMove: Distance: -13.389977052970082 	speed: -0.19830068841089754 	setPoint: -20.0
2022-03-11 14:01:05,325 INFO  frc.robot.commands.AutoMove: Distance: -13.389977052970082 	speed: -0.19830068841089754 	setPoint: -20.0
2021-07-01 10:33:58,527 INFO  frc.robot.Robot: robotInit
2021-07-01 10:33:58,545 INFO  frc.robot.Robot: Git version: 050e4fa (branch: master)
2021-07-01 10:33:58,546 INFO  frc.robot.Robot: Built: 2022-03-11  13:37:37 PST
2021-07-01 10:34:07,125 INFO  frc.robot.Robot: robotInit
2021-07-01 10:34:07,142 INFO  frc.robot.Robot: Git version: 050e4fa (branch: master)
2021-07-01 10:34:07,143 INFO  frc.robot.Robot: Built: 2022-03-11  13:37:37 PST
2021-07-01 10:34:00,881 INFO  frc.robot.Robot: robotInit
2021-07-01 10:34:00,899 INFO  frc.robot.Robot: Git version: 050e4fa (branch: master)
2021-07-01 10:34:00,900 INFO  frc.robot.Robot: Built: 2022-03-11  13:37:37 PST
2022-03-11 14:44:18,853 INFO  frc.robot.Robot: robotInit
2022-03-11 14:44:18,871 INFO  frc.robot.Robot: Git version: 050e4fa (branch: master)
2022-03-11 14:44:18,872 INFO  frc.robot.Robot: Built: 2022-03-11  13:37:37 PST
2022-03-11 14:46:33,241 INFO  frc.robot.commands.AutoMove: Distance: -7.883413042667107E-4 	speed: 0.5 	setPoint: 70.0
2022-03-11 14:46:33,279 INFO  frc.robot.commands.AutoMove: Distance: 0.8490435846952474 	speed: 0.5 	setPoint: 70.0
2022-03-11 14:46:33,291 INFO  frc.robot.commands.AutoMove: Distance: 0.8490435846952474 	speed: 0.5 	setPoint: 70.0
2022-03-11 14:46:33,300 INFO  frc.robot.commands.AutoMove: Distance: 1.4355695150696801 	speed: 0.5 	setPoint: 70.0
2022-03-11 14:46:33,312 INFO  frc.robot.commands.AutoMove: Distance: 1.4355695150696801 	speed: 0.5 	setPoint: 70.0
2022-03-11 14:46:33,321 INFO  frc.robot.commands.AutoMove: Distance: 3.1415400975028422 	speed: 0.5 	setPoint: 70.0
2022-03-11 14:46:33,333 INFO  frc.robot.commands.AutoMove: Distance: 3.1415400975028422 	speed: 0.5 	setPoint: 70.0
2022-03-11 14:46:33,350 INFO  frc.robot.commands.AutoMove: Distance: 4.031577430019959 	speed: 0.5 	setPoint: 70.0
2022-03-11 14:46:33,370 INFO  frc.robot.commands.AutoMove: Distance: 4.754486406032532 	speed: 0.5 	setPoint: 70.0
2022-03-11 14:46:33,388 INFO  frc.robot.commands.AutoMove: Distance: 4.754486406032532 	speed: 0.5 	setPoint: 70.0
2022-03-11 14:46:33,408 INFO  frc.robot.commands.AutoMove: Distance: 6.498297371070496 	speed: 0.5 	setPoint: 70.0
2022-03-11 14:46:33,428 INFO  frc.robot.commands.AutoMove: Distance: 6.498297371070496 	speed: 0.5 	setPoint: 70.0
2022-03-11 14:46:33,448 INFO  frc.robot.commands.AutoMove: Distance: 8.495165894778074 	speed: 0.5 	setPoint: 70.0
2022-03-11 14:46:33,468 INFO  frc.robot.commands.AutoMove: Distance: 9.528681344671732 	speed: 0.5 	setPoint: 70.0
2022-03-11 14:46:33,487 INFO  frc.robot.commands.AutoMove: Distance: 9.528681344671732 	speed: 0.5 	setPoint: 70.0
2022-03-11 14:46:33,509 INFO  frc.robot.commands.AutoMove: Distance: 11.618574142282782 	speed: 0.5 	setPoint: 70.0
2022-03-11 14:46:33,527 INFO  frc.robot.commands.AutoMove: Distance: 11.618574142282782 	speed: 0.5 	setPoint: 70.0
2022-03-11 14:46:33,547 INFO  frc.robot.commands.AutoMove: Distance: 13.69191177250423 	speed: 0.5 	setPoint: 70.0
2022-03-11 14:46:33,567 INFO  frc.robot.commands.AutoMove: Distance: 14.79007120934776 	speed: 0.5 	setPoint: 70.0
2022-03-11 14:46:33,588 INFO  frc.robot.commands.AutoMove: Distance: 15.959969704879558 	speed: 0.5 	setPoint: 70.0
2022-03-11 14:46:33,607 INFO  frc.robot.commands.AutoMove: Distance: 15.959969704879558 	speed: 0.5 	setPoint: 70.0
2022-03-11 14:46:33,627 INFO  frc.robot.commands.AutoMove: Distance: 18.33997210246076 	speed: 0.5 	setPoint: 70.0
2022-03-11 14:46:33,647 INFO  frc.robot.commands.AutoMove: Distance: 19.51854235233949 	speed: 0.5 	setPoint: 70.0
2022-03-11 14:46:33,668 INFO  frc.robot.commands.AutoMove: Distance: 20.675039045698753 	speed: 0.5 	setPoint: 70.0
2022-03-11 14:46:33,687 INFO  frc.robot.commands.AutoMove: Distance: 21.829959056449486 	speed: 0.5 	setPoint: 70.0
2022-03-11 14:46:33,708 INFO  frc.robot.commands.AutoMove: Distance: 22.975418971549015 	speed: 0.5 	setPoint: 70.0
2022-03-11 14:46:33,727 INFO  frc.robot.commands.AutoMove: Distance: 22.975418971549015 	speed: 0.5 	setPoint: 70.0
2022-03-11 14:46:33,747 INFO  frc.robot.commands.AutoMove: Distance: 25.35226800391315 	speed: 0.5 	setPoint: 70.0
2022-03-11 14:46:33,767 INFO  frc.robot.commands.AutoMove: Distance: 26.525319864662016 	speed: 0.5 	setPoint: 70.0
2022-03-11 14:46:33,788 INFO  frc.robot.commands.AutoMove: Distance: 27.68654660584688 	speed: 0.5 	setPoint: 70.0
2022-03-11 14:46:33,808 INFO  frc.robot.commands.AutoMove: Distance: 28.85171505355308 	speed: 0.5 	setPoint: 70.0
2022-03-11 14:46:33,828 INFO  frc.robot.commands.AutoMove: Distance: 28.85171505355308 	speed: 0.5 	setPoint: 70.0
2022-03-11 14:46:33,848 INFO  frc.robot.commands.AutoMove: Distance: 31.246695935915344 	speed: 0.5 	setPoint: 70.0
2022-03-11 14:46:33,867 INFO  frc.robot.commands.AutoMove: Distance: 31.246695935915344 	speed: 0.5 	setPoint: 70.0
2022-03-11 14:46:33,888 INFO  frc.robot.commands.AutoMove: Distance: 33.627486674800814 	speed: 0.5 	setPoint: 70.0
2022-03-11 14:46:33,908 INFO  frc.robot.commands.AutoMove: Distance: 34.80132687685394 	speed: 0.5 	setPoint: 70.0
2022-03-11 14:46:33,927 INFO  frc.robot.commands.AutoMove: Distance: 34.80132687685394 	speed: 0.5 	setPoint: 70.0
2022-03-11 14:46:33,948 INFO  frc.robot.commands.AutoMove: Distance: 37.126145383136475 	speed: 0.5 	setPoint: 70.0
2022-03-11 14:46:33,968 INFO  frc.robot.commands.AutoMove: Distance: 38.302350609102405 	speed: 0.5 	setPoint: 70.0
2022-03-11 14:46:33,988 INFO  frc.robot.commands.AutoMove: Distance: 39.47540246985127 	speed: 0.5 	setPoint: 70.0
2022-03-11 14:46:34,009 INFO  frc.robot.commands.AutoMove: Distance: 40.639782576253204 	speed: 0.5 	setPoint: 70.0
2022-03-11 14:46:34,028 INFO  frc.robot.commands.AutoMove: Distance: 40.639782576253204 	speed: 0.5 	setPoint: 70.0
2022-03-11 14:46:34,048 INFO  frc.robot.commands.AutoMove: Distance: 43.01663160861734 	speed: 0.5 	setPoint: 70.0
2022-03-11 14:46:34,078 INFO  frc.robot.commands.AutoMove: Distance: 44.2298888758838 	speed: 0.5 	setPoint: 70.0
2022-03-11 14:46:34,088 INFO  frc.robot.commands.AutoMove: Distance: 44.2298888758838 	speed: 0.5 	setPoint: 70.0
2022-03-11 14:46:34,108 INFO  frc.robot.commands.AutoMove: Distance: 46.661921799546604 	speed: 0.5 	setPoint: 70.0
2022-03-11 14:46:34,127 INFO  frc.robot.commands.AutoMove: Distance: 47.83260863638267 	speed: 0.5 	setPoint: 70.0
2022-03-11 14:46:34,148 INFO  frc.robot.commands.AutoMove: Distance: 49.003295473218735 	speed: 0.5 	setPoint: 70.0
2022-03-11 14:46:34,168 INFO  frc.robot.commands.AutoMove: Distance: 50.1621571904908 	speed: 0.5 	setPoint: 70.0
2022-03-11 14:46:34,188 INFO  frc.robot.commands.AutoMove: Distance: 50.1621571904908 	speed: 0.5 	setPoint: 70.0
2022-03-11 14:46:34,207 INFO  frc.robot.commands.AutoMove: Distance: 52.54058290546347 	speed: 0.5 	setPoint: 70.0
2022-03-11 14:46:34,228 INFO  frc.robot.commands.AutoMove: Distance: 53.7309782749062 	speed: 0.488070651752814 	setPoint: 70.0
2022-03-11 14:46:34,248 INFO  frc.robot.commands.AutoMove: Distance: 53.7309782749062 	speed: 0.488070651752814 	setPoint: 70.0
2022-03-11 14:46:34,268 INFO  frc.robot.commands.AutoMove: Distance: 56.04160663771193 	speed: 0.4187518008686421 	setPoint: 70.0
2022-03-11 14:46:34,287 INFO  frc.robot.commands.AutoMove: Distance: 56.04160663771193 	speed: 0.4187518008686421 	setPoint: 70.0
2022-03-11 14:46:34,308 INFO  frc.robot.commands.AutoMove: Distance: 58.13780616575711 	speed: 0.3558658150272866 	setPoint: 70.0
2022-03-11 14:46:34,328 INFO  frc.robot.commands.AutoMove: Distance: 59.1587081547825 	speed: 0.3252387553565249 	setPoint: 70.0
2022-03-11 14:46:34,348 INFO  frc.robot.commands.AutoMove: Distance: 59.99592661991375 	speed: 0.3001222014025874 	setPoint: 70.0
2022-03-11 14:46:34,368 INFO  frc.robot.commands.AutoMove: Distance: 59.99592661991375 	speed: 0.3001222014025874 	setPoint: 70.0
2022-03-11 14:46:34,389 INFO  frc.robot.commands.AutoMove: Distance: 61.33847186107996 	speed: 0.2598458441676012 	setPoint: 70.0
2022-03-11 14:46:34,408 INFO  frc.robot.commands.AutoMove: Distance: 61.33847186107996 	speed: 0.2598458441676012 	setPoint: 70.0
2022-03-11 14:46:34,428 INFO  frc.robot.commands.AutoMove: Distance: 62.28999981532988 	speed: 0.23130000554010366 	setPoint: 70.0
2022-03-11 14:46:34,447 INFO  frc.robot.commands.AutoMove: Distance: 62.678652078333364 	speed: 0.21964043764999908 	setPoint: 70.0
2022-03-11 14:46:34,468 INFO  frc.robot.commands.AutoMove: Distance: 62.90254100874511 	speed: 0.21292376973764668 	setPoint: 70.0
2022-03-11 14:46:34,497 INFO  frc.robot.commands.AutoMove: Distance: 63.08858955655206 	speed: 0.20734231330343825 	setPoint: 70.0
2022-03-11 14:46:34,510 INFO  frc.robot.commands.AutoMove: Distance: 63.215512506539 	speed: 0.20353462480383 	setPoint: 70.0
2022-03-11 14:46:34,528 INFO  frc.robot.commands.AutoMove: Distance: 63.215512506539 	speed: 0.20353462480383 	setPoint: 70.0
2022-03-11 14:46:34,548 INFO  frc.robot.commands.AutoMove: Distance: 63.30223005000833 	speed: 0.20093309849975 	setPoint: 70.0
2022-03-11 14:46:34,568 INFO  frc.robot.commands.AutoMove: Distance: 63.30932512174674 	speed: 0.20072024634759783 	setPoint: 70.0
2022-03-11 14:46:34,588 INFO  frc.robot.commands.AutoMove: Distance: 63.3077484391382 	speed: 0.20076754682585396 	setPoint: 70.0
2022-03-11 14:46:34,608 INFO  frc.robot.commands.AutoMove: Distance: 63.304595073921135 	speed: 0.20086214778236594 	setPoint: 70.0
2022-03-11 14:46:34,628 INFO  frc.robot.commands.AutoMove: Distance: 63.30223005000833 	speed: 0.20093309849975 	setPoint: 70.0
2022-03-11 14:46:34,647 INFO  frc.robot.commands.AutoMove: Distance: 63.30223005000833 	speed: 0.20093309849975 	setPoint: 70.0
2022-03-11 14:46:34,668 INFO  frc.robot.commands.AutoMove: Distance: 63.3006533673998 	speed: 0.20098039897800588 	setPoint: 70.0
2022-03-11 14:46:34,688 INFO  frc.robot.commands.AutoMove: Distance: 63.3006533673998 	speed: 0.20098039897800588 	setPoint: 70.0
2022-03-11 14:46:34,709 INFO  frc.robot.commands.AutoMove: Distance: 63.3006533673998 	speed: 0.20098039897800588 	setPoint: 70.0
2022-03-11 14:46:34,728 INFO  frc.robot.commands.AutoMove: Distance: 63.3006533673998 	speed: 0.20098039897800588 	setPoint: 70.0
2022-03-11 14:46:34,747 INFO  frc.robot.commands.AutoMove: Distance: 63.3006533673998 	speed: 0.20098039897800588 	setPoint: 70.0
2022-03-11 14:46:34,768 INFO  frc.robot.commands.AutoMove: Distance: 63.3006533673998 	speed: 0.20098039897800588 	setPoint: 70.0
2022-03-11 14:46:34,787 INFO  frc.robot.commands.AutoMove: Distance: 63.29986502609554 	speed: 0.20100404921713383 	setPoint: 70.0
2022-03-11 14:46:34,812 INFO  frc.robot.commands.AutoMove: Distance: 63.29907668479127 	speed: 0.201027699456262 	setPoint: 70.0
2022-03-11 14:46:34,827 INFO  frc.robot.commands.AutoMove: Distance: 63.29907668479127 	speed: 0.201027699456262 	setPoint: 70.0
2022-03-11 14:46:34,848 INFO  frc.robot.commands.AutoMove: Distance: 63.29907668479127 	speed: 0.201027699456262 	setPoint: 70.0
2022-03-11 14:46:34,867 INFO  frc.robot.commands.AutoMove: Distance: 63.29907668479127 	speed: 0.201027699456262 	setPoint: 70.0
2022-03-11 14:46:34,887 INFO  frc.robot.commands.AutoMove: Distance: 63.29907668479127 	speed: 0.201027699456262 	setPoint: 70.0
2022-03-11 14:46:34,908 INFO  frc.robot.commands.AutoMove: Distance: 63.29907668479127 	speed: 0.201027699456262 	setPoint: 70.0
2022-03-11 14:46:34,927 INFO  frc.robot.commands.AutoMove: Distance: 63.29907668479127 	speed: 0.201027699456262 	setPoint: 70.0
2022-03-11 14:46:34,947 INFO  frc.robot.commands.AutoMove: Distance: 63.29907668479127 	speed: 0.201027699456262 	setPoint: 70.0
2022-03-11 14:46:34,967 INFO  frc.robot.commands.AutoMove: Distance: 63.29907668479127 	speed: 0.201027699456262 	setPoint: 70.0
2022-03-11 14:46:34,988 INFO  frc.robot.commands.AutoMove: Distance: 63.325880289136336 	speed: 0.20022359132590992 	setPoint: 70.0
2022-03-11 14:46:35,007 INFO  frc.robot.commands.AutoMove: Distance: 63.33061033696194 	speed: 0.2000816898911418 	setPoint: 70.0
2022-03-11 14:46:35,028 INFO  frc.robot.commands.AutoMove: Distance: 63.3290336543534 	speed: 0.2001289903693979 	setPoint: 70.0
2022-03-11 14:46:35,048 INFO  frc.robot.commands.AutoMove: Distance: 63.3290336543534 	speed: 0.2001289903693979 	setPoint: 70.0
2022-03-11 14:46:35,067 INFO  frc.robot.commands.AutoMove: Distance: 63.321938582615005 	speed: 0.20034184252154985 	setPoint: 70.0
2022-03-11 14:46:35,088 INFO  frc.robot.commands.AutoMove: Distance: 63.3172085347894 	speed: 0.20048374395631796 	setPoint: 70.0
2022-03-11 14:46:35,108 INFO  frc.robot.commands.AutoMove: Distance: 63.314055169572335 	speed: 0.20057834491282994 	setPoint: 70.0
2022-03-11 14:46:35,129 INFO  frc.robot.commands.AutoMove: Distance: 63.31169014565953 	speed: 0.200649295630214 	setPoint: 70.0
2022-03-11 14:46:35,148 INFO  frc.robot.commands.AutoMove: Distance: 63.31169014565953 	speed: 0.200649295630214 	setPoint: 70.0
2022-03-11 14:46:35,168 INFO  frc.robot.commands.AutoMove: Distance: 63.30696009783394 	speed: 0.20079119706498189 	setPoint: 70.0
2022-03-11 14:46:35,187 INFO  frc.robot.commands.AutoMove: Distance: 63.30696009783394 	speed: 0.20079119706498189 	setPoint: 70.0
2022-03-11 14:46:35,207 INFO  frc.robot.commands.AutoMove: Distance: 63.314055169572335 	speed: 0.20057834491282994 	setPoint: 70.0
2022-03-11 14:46:35,227 INFO  frc.robot.commands.AutoMove: Distance: 63.312478486963805 	speed: 0.20062564539108585 	setPoint: 70.0
2022-03-11 14:46:35,248 INFO  frc.robot.commands.AutoMove: Distance: 63.30932512174674 	speed: 0.20072024634759783 	setPoint: 70.0
2022-03-11 14:46:35,267 INFO  frc.robot.commands.AutoMove: Distance: 63.30696009783394 	speed: 0.20079119706498189 	setPoint: 70.0
2022-03-11 14:46:35,287 INFO  frc.robot.commands.AutoMove: Distance: 63.304595073921135 	speed: 0.20086214778236594 	setPoint: 70.0
2022-03-11 14:46:35,308 INFO  frc.robot.commands.AutoMove: Distance: 63.30223005000833 	speed: 0.20093309849975 	setPoint: 70.0
2022-03-11 14:46:35,327 INFO  frc.robot.commands.AutoMove: Distance: 63.30223005000833 	speed: 0.20093309849975 	setPoint: 70.0
2022-03-11 14:46:35,348 INFO  frc.robot.commands.AutoMove: Distance: 63.30223005000833 	speed: 0.20093309849975 	setPoint: 70.0
2022-03-11 14:46:35,367 INFO  frc.robot.commands.AutoMove: Distance: 63.30223005000833 	speed: 0.20093309849975 	setPoint: 70.0
2022-03-11 14:46:35,388 INFO  frc.robot.commands.AutoMove: Distance: 63.30223005000833 	speed: 0.20093309849975 	setPoint: 70.0
2022-03-11 14:46:35,408 INFO  frc.robot.commands.AutoMove: Distance: 63.30223005000833 	speed: 0.20093309849975 	setPoint: 70.0
2022-03-11 14:46:35,428 INFO  frc.robot.commands.AutoMove: Distance: 63.30144170870407 	speed: 0.20095674873887795 	setPoint: 70.0
2022-03-11 14:46:35,447 INFO  frc.robot.commands.AutoMove: Distance: 63.30144170870407 	speed: 0.20095674873887795 	setPoint: 70.0
2022-03-11 14:46:35,468 INFO  frc.robot.commands.AutoMove: Distance: 63.30144170870407 	speed: 0.20095674873887795 	setPoint: 70.0
2022-03-11 14:46:35,487 INFO  frc.robot.commands.AutoMove: Distance: 63.30144170870407 	speed: 0.20095674873887795 	setPoint: 70.0
2022-03-11 14:46:35,508 INFO  frc.robot.commands.AutoMove: Distance: 63.30144170870407 	speed: 0.20095674873887795 	setPoint: 70.0
2022-03-11 14:46:35,527 INFO  frc.robot.commands.AutoMove: Distance: 63.30144170870407 	speed: 0.20095674873887795 	setPoint: 70.0
2022-03-11 14:46:35,552 INFO  frc.robot.commands.AutoMove: Distance: 63.30144170870407 	speed: 0.20095674873887795 	setPoint: 70.0
2022-03-11 14:46:35,568 INFO  frc.robot.commands.AutoMove: Distance: 63.30144170870407 	speed: 0.20095674873887795 	setPoint: 70.0
2022-03-11 14:46:35,588 INFO  frc.robot.commands.AutoMove: Distance: 63.30144170870407 	speed: 0.20095674873887795 	setPoint: 70.0
2022-03-11 14:46:35,608 INFO  frc.robot.commands.AutoMove: Distance: 63.30144170870407 	speed: 0.20095674873887795 	setPoint: 70.0
2022-03-11 14:46:35,628 INFO  frc.robot.commands.AutoMove: Distance: 63.30144170870407 	speed: 0.20095674873887795 	setPoint: 70.0
2022-03-11 14:46:35,648 INFO  frc.robot.commands.AutoMove: Distance: 63.30144170870407 	speed: 0.20095674873887795 	setPoint: 70.0
2022-03-11 14:46:35,667 INFO  frc.robot.commands.AutoMove: Distance: 63.30144170870407 	speed: 0.20095674873887795 	setPoint: 70.0
2022-03-11 14:46:35,687 INFO  frc.robot.commands.AutoMove: Distance: 63.30144170870407 	speed: 0.20095674873887795 	setPoint: 70.0
2022-03-11 14:46:35,708 INFO  frc.robot.commands.AutoMove: Distance: 63.30144170870407 	speed: 0.20095674873887795 	setPoint: 70.0
2022-03-11 14:46:35,728 INFO  frc.robot.commands.AutoMove: Distance: 63.30144170870407 	speed: 0.20095674873887795 	setPoint: 70.0
2022-03-11 14:46:35,746 INFO  frc.robot.commands.AutoMove: Distance: 63.30144170870407 	speed: 0.20095674873887795 	setPoint: 70.0
2022-03-11 14:46:35,768 INFO  frc.robot.commands.AutoMove: Distance: 63.30144170870407 	speed: 0.20095674873887795 	setPoint: 70.0
2022-03-11 14:46:35,788 INFO  frc.robot.commands.AutoMove: Distance: 63.30144170870407 	speed: 0.20095674873887795 	setPoint: 70.0
2022-03-11 14:46:35,807 INFO  frc.robot.commands.AutoMove: Distance: 63.30144170870407 	speed: 0.20095674873887795 	setPoint: 70.0
2022-03-11 14:46:35,828 INFO  frc.robot.commands.AutoMove: Distance: 63.30144170870407 	speed: 0.20095674873887795 	setPoint: 70.0
2022-03-11 14:46:35,847 INFO  frc.robot.commands.AutoMove: Distance: 63.30144170870407 	speed: 0.20095674873887795 	setPoint: 70.0
2022-03-11 14:46:35,869 INFO  frc.robot.commands.AutoMove: Distance: 63.30144170870407 	speed: 0.20095674873887795 	setPoint: 70.0
2022-03-11 14:46:35,887 INFO  frc.robot.commands.AutoMove: Distance: 63.30144170870407 	speed: 0.20095674873887795 	setPoint: 70.0
2022-03-11 14:46:35,908 INFO  frc.robot.commands.AutoMove: Distance: 63.30144170870407 	speed: 0.20095674873887795 	setPoint: 70.0
2022-03-11 14:46:35,927 INFO  frc.robot.commands.AutoMove: Distance: 63.30144170870407 	speed: 0.20095674873887795 	setPoint: 70.0
2022-03-11 14:46:35,948 INFO  frc.robot.commands.AutoMove: Distance: 63.30144170870407 	speed: 0.20095674873887795 	setPoint: 70.0
2022-03-11 14:46:35,966 INFO  frc.robot.commands.AutoMove: Distance: 63.30144170870407 	speed: 0.20095674873887795 	setPoint: 70.0
2022-03-11 14:46:35,987 INFO  frc.robot.commands.AutoMove: Distance: 63.30144170870407 	speed: 0.20095674873887795 	setPoint: 70.0
2022-03-11 14:46:36,008 INFO  frc.robot.commands.AutoMove: Distance: 63.30144170870407 	speed: 0.20095674873887795 	setPoint: 70.0
2022-03-11 14:46:36,028 INFO  frc.robot.commands.AutoMove: Distance: 63.30144170870407 	speed: 0.20095674873887795 	setPoint: 70.0
2022-03-11 14:46:36,047 INFO  frc.robot.commands.AutoMove: Distance: 63.30144170870407 	speed: 0.20095674873887795 	setPoint: 70.0
2022-03-11 14:46:36,067 INFO  frc.robot.commands.AutoMove: Distance: 63.30144170870407 	speed: 0.20095674873887795 	setPoint: 70.0
2022-03-11 14:46:36,087 INFO  frc.robot.commands.AutoMove: Distance: 63.30144170870407 	speed: 0.20095674873887795 	setPoint: 70.0
2022-03-11 14:46:36,107 INFO  frc.robot.commands.AutoMove: Distance: 63.30144170870407 	speed: 0.20095674873887795 	setPoint: 70.0
2022-03-11 14:46:36,127 INFO  frc.robot.commands.AutoMove: Distance: 63.30144170870407 	speed: 0.20095674873887795 	setPoint: 70.0
2022-03-11 14:46:36,146 INFO  frc.robot.commands.AutoMove: Distance: 63.30144170870407 	speed: 0.20095674873887795 	setPoint: 70.0
2022-03-11 14:46:36,168 INFO  frc.robot.commands.AutoMove: Distance: 63.30144170870407 	speed: 0.20095674873887795 	setPoint: 70.0
2022-03-11 14:46:36,188 INFO  frc.robot.commands.AutoMove: Distance: 63.30144170870407 	speed: 0.20095674873887795 	setPoint: 70.0
2022-03-11 14:46:36,208 INFO  frc.robot.commands.AutoMove: Distance: 63.30144170870407 	speed: -0.5 	setPoint: -20.0
2022-03-11 14:46:36,228 INFO  frc.robot.commands.AutoMove: Distance: -0.053607208690136327 	speed: -0.5 	setPoint: -20.0
2022-03-11 14:46:36,248 INFO  frc.robot.commands.AutoMove: Distance: -0.4209742564784235 	speed: -0.5 	setPoint: -20.0
2022-03-11 14:46:36,266 INFO  frc.robot.commands.AutoMove: Distance: -0.4209742564784235 	speed: -0.5 	setPoint: -20.0
2022-03-11 14:46:36,292 INFO  frc.robot.commands.AutoMove: Distance: -1.5538207107096869 	speed: -0.5 	setPoint: -20.0
2022-03-11 14:46:36,308 INFO  frc.robot.commands.AutoMove: Distance: -1.5538207107096869 	speed: -0.5 	setPoint: -20.0
2022-03-11 14:46:36,328 INFO  frc.robot.commands.AutoMove: Distance: -3.0154054888201682 	speed: -0.5 	setPoint: -20.0
2022-03-11 14:46:36,348 INFO  frc.robot.commands.AutoMove: Distance: -3.8431638583002146 	speed: -0.4847050842509935 	setPoint: -20.0
2022-03-11 14:46:36,368 INFO  frc.robot.commands.AutoMove: Distance: -3.8431638583002146 	speed: -0.4847050842509935 	setPoint: -20.0
2022-03-11 14:46:36,387 INFO  frc.robot.commands.AutoMove: Distance: -5.538886003777909 	speed: -0.4338334198866627 	setPoint: -20.0
2022-03-11 14:46:36,408 INFO  frc.robot.commands.AutoMove: Distance: -6.434441725424893 	speed: -0.4069667482372532 	setPoint: -20.0
2022-03-11 14:46:36,427 INFO  frc.robot.commands.AutoMove: Distance: -6.434441725424893 	speed: -0.4069667482372532 	setPoint: -20.0
2022-03-11 14:46:36,448 INFO  frc.robot.commands.AutoMove: Distance: -8.107301973078853 	speed: -0.3567809408076344 	setPoint: -20.0
2022-03-11 14:46:36,468 INFO  frc.robot.commands.AutoMove: Distance: -8.107301973078853 	speed: -0.3567809408076344 	setPoint: -20.0
2022-03-11 14:46:36,488 INFO  frc.robot.commands.AutoMove: Distance: -9.579135188144802 	speed: -0.31262594435565594 	setPoint: -20.0
2022-03-11 14:46:36,508 INFO  frc.robot.commands.AutoMove: Distance: -10.282335631550708 	speed: -0.29152993105347874 	setPoint: -20.0
2022-03-11 14:46:36,528 INFO  frc.robot.commands.AutoMove: Distance: -10.881475022793408 	speed: -0.27355574931619775 	setPoint: -20.0
2022-03-11 14:46:36,547 INFO  frc.robot.commands.AutoMove: Distance: -10.881475022793408 	speed: -0.27355574931619775 	setPoint: -20.0
2022-03-11 14:46:36,567 INFO  frc.robot.commands.AutoMove: Distance: -11.810141079219592 	speed: -0.24569576762341222 	setPoint: -20.0
2022-03-11 14:46:36,588 INFO  frc.robot.commands.AutoMove: Distance: -12.197216659614547 	speed: -0.23408350021156357 	setPoint: -20.0
2022-03-11 14:46:36,611 INFO  frc.robot.commands.AutoMove: Distance: -12.478654505237763 	speed: -0.2256403648428671 	setPoint: -20.0
2022-03-11 14:46:36,628 INFO  frc.robot.commands.AutoMove: Distance: -12.478654505237763 	speed: -0.2256403648428671 	setPoint: -20.0
2022-03-11 14:46:36,648 INFO  frc.robot.commands.AutoMove: Distance: -12.83892648128765 	speed: -0.21483220556137048 	setPoint: -20.0
2022-03-11 14:46:36,667 INFO  frc.robot.commands.AutoMove: Distance: -12.83892648128765 	speed: -0.21483220556137048 	setPoint: -20.0
2022-03-11 14:46:36,688 INFO  frc.robot.commands.AutoMove: Distance: -12.971367820404458 	speed: -0.21085896538786625 	setPoint: -20.0
2022-03-11 14:46:36,707 INFO  frc.robot.commands.AutoMove: Distance: -12.971367820404458 	speed: -0.21085896538786625 	setPoint: -20.0
2022-03-11 14:46:36,728 INFO  frc.robot.commands.AutoMove: Distance: -12.991864694315392 	speed: -0.21024405917053823 	setPoint: -20.0
2022-03-11 14:46:36,747 INFO  frc.robot.commands.AutoMove: Distance: -12.991864694315392 	speed: -0.21024405917053823 	setPoint: -20.0
2022-03-11 14:46:36,768 INFO  frc.robot.commands.AutoMove: Distance: -12.999748107358059 	speed: -0.21000755677925823 	setPoint: -20.0
2022-03-11 14:46:36,787 INFO  frc.robot.commands.AutoMove: Distance: -13.002113131270859 	speed: -0.20993660606187423 	setPoint: -20.0
2022-03-11 14:46:36,809 INFO  frc.robot.commands.AutoMove: Distance: -13.002113131270859 	speed: -0.20993660606187423 	setPoint: -20.0
2022-03-11 14:46:36,828 INFO  frc.robot.commands.AutoMove: Distance: -13.002113131270859 	speed: -0.20993660606187423 	setPoint: -20.0
2022-03-11 14:46:36,848 INFO  frc.robot.commands.AutoMove: Distance: -13.002901472575127 	speed: -0.2099129558227462 	setPoint: -20.0
2022-03-11 14:46:36,868 INFO  frc.robot.commands.AutoMove: Distance: -13.002113131270859 	speed: -0.20993660606187423 	setPoint: -20.0
2022-03-11 14:46:36,887 INFO  frc.robot.commands.AutoMove: Distance: -13.001324789966592 	speed: -0.20996025630100223 	setPoint: -20.0
2022-03-11 14:46:36,907 INFO  frc.robot.commands.AutoMove: Distance: -13.001324789966592 	speed: -0.20996025630100223 	setPoint: -20.0
2022-03-11 14:46:36,929 INFO  frc.robot.commands.AutoMove: Distance: -13.001324789966592 	speed: -0.20996025630100223 	setPoint: -20.0
2022-03-11 14:46:36,948 INFO  frc.robot.commands.AutoMove: Distance: -13.001324789966592 	speed: -0.20996025630100223 	setPoint: -20.0
2022-03-11 14:46:36,967 INFO  frc.robot.commands.AutoMove: Distance: -13.001324789966592 	speed: -0.20996025630100223 	setPoint: -20.0
2022-03-11 14:46:36,987 INFO  frc.robot.commands.AutoMove: Distance: -13.001324789966592 	speed: -0.20996025630100223 	setPoint: -20.0
2022-03-11 14:46:37,008 INFO  frc.robot.commands.AutoMove: Distance: -13.001324789966592 	speed: -0.20996025630100223 	setPoint: -20.0
2022-03-11 14:46:37,033 INFO  frc.robot.commands.AutoMove: Distance: -13.001324789966592 	speed: -0.20996025630100223 	setPoint: -20.0
2022-03-11 14:46:37,047 INFO  frc.robot.commands.AutoMove: Distance: -13.001324789966592 	speed: -0.20996025630100223 	setPoint: -20.0
2022-03-11 14:46:37,067 INFO  frc.robot.commands.AutoMove: Distance: -13.001324789966592 	speed: -0.20996025630100223 	setPoint: -20.0
2022-03-11 14:46:37,088 INFO  frc.robot.commands.AutoMove: Distance: -13.001324789966592 	speed: -0.20996025630100223 	setPoint: -20.0
2022-03-11 14:46:37,108 INFO  frc.robot.commands.AutoMove: Distance: -13.001324789966592 	speed: -0.20996025630100223 	setPoint: -20.0
2022-03-11 14:46:37,128 INFO  frc.robot.commands.AutoMove: Distance: -13.001324789966592 	speed: -0.20996025630100223 	setPoint: -20.0
2022-03-11 14:46:37,148 INFO  frc.robot.commands.AutoMove: Distance: -13.001324789966592 	speed: -0.20996025630100223 	setPoint: -20.0
2022-03-11 14:46:37,168 INFO  frc.robot.commands.AutoMove: Distance: -13.001324789966592 	speed: -0.20996025630100223 	setPoint: -20.0
2022-03-11 14:46:37,187 INFO  frc.robot.commands.AutoMove: Distance: -13.001324789966592 	speed: -0.20996025630100223 	setPoint: -20.0
2022-03-11 14:46:37,208 INFO  frc.robot.commands.AutoMove: Distance: -13.001324789966592 	speed: -0.20996025630100223 	setPoint: -20.0
2022-03-11 14:46:37,228 INFO  frc.robot.commands.AutoMove: Distance: -13.001324789966592 	speed: -0.20996025630100223 	setPoint: -20.0
2022-03-11 14:46:37,248 INFO  frc.robot.commands.AutoMove: Distance: -13.001324789966592 	speed: -0.20996025630100223 	setPoint: -20.0
2022-03-11 14:46:37,268 INFO  frc.robot.commands.AutoMove: Distance: -13.001324789966592 	speed: -0.20996025630100223 	setPoint: -20.0
2022-03-11 14:46:37,288 INFO  frc.robot.commands.AutoMove: Distance: -13.001324789966592 	speed: -0.20996025630100223 	setPoint: -20.0
2022-03-11 14:46:37,308 INFO  frc.robot.commands.AutoMove: Distance: -13.001324789966592 	speed: -0.20996025630100223 	setPoint: -20.0
2022-03-11 14:46:37,328 INFO  frc.robot.commands.AutoMove: Distance: -13.001324789966592 	speed: -0.20996025630100223 	setPoint: -20.0
2022-03-11 14:46:37,351 INFO  frc.robot.commands.AutoMove: Distance: -13.001324789966592 	speed: -0.20996025630100223 	setPoint: -20.0
2022-03-11 14:46:37,368 INFO  frc.robot.commands.AutoMove: Distance: -13.001324789966592 	speed: -0.20996025630100223 	setPoint: -20.0
2022-03-11 14:46:37,388 INFO  frc.robot.commands.AutoMove: Distance: -13.001324789966592 	speed: -0.20996025630100223 	setPoint: -20.0
2022-03-11 14:46:37,407 INFO  frc.robot.commands.AutoMove: Distance: -13.001324789966592 	speed: -0.20996025630100223 	setPoint: -20.0
2022-03-11 14:46:37,428 INFO  frc.robot.commands.AutoMove: Distance: -13.001324789966592 	speed: -0.20996025630100223 	setPoint: -20.0
2022-03-11 14:46:37,446 INFO  frc.robot.commands.AutoMove: Distance: -13.001324789966592 	speed: -0.20996025630100223 	setPoint: -20.0
2022-03-11 14:46:37,467 INFO  frc.robot.commands.AutoMove: Distance: -13.001324789966592 	speed: -0.20996025630100223 	setPoint: -20.0
2022-03-11 14:46:37,486 INFO  frc.robot.commands.AutoMove: Distance: -13.001324789966592 	speed: -0.20996025630100223 	setPoint: -20.0
2022-03-11 14:46:37,507 INFO  frc.robot.commands.AutoMove: Distance: -13.001324789966592 	speed: -0.20996025630100223 	setPoint: -20.0
2022-03-11 14:46:37,527 INFO  frc.robot.commands.AutoMove: Distance: -13.001324789966592 	speed: -0.20996025630100223 	setPoint: -20.0
2022-03-11 14:46:37,547 INFO  frc.robot.commands.AutoMove: Distance: -13.001324789966592 	speed: -0.20996025630100223 	setPoint: -20.0
2022-03-11 14:46:37,567 INFO  frc.robot.commands.AutoMove: Distance: -13.001324789966592 	speed: -0.20996025630100223 	setPoint: -20.0
2022-03-11 14:46:37,587 INFO  frc.robot.commands.AutoMove: Distance: -13.001324789966592 	speed: -0.20996025630100223 	setPoint: -20.0
2022-03-11 14:46:37,607 INFO  frc.robot.commands.AutoMove: Distance: -13.001324789966592 	speed: -0.20996025630100223 	setPoint: -20.0
2022-03-11 14:46:37,626 INFO  frc.robot.commands.AutoMove: Distance: -13.001324789966592 	speed: -0.20996025630100223 	setPoint: -20.0
2022-03-11 14:46:37,647 INFO  frc.robot.commands.AutoMove: Distance: -13.001324789966592 	speed: -0.20996025630100223 	setPoint: -20.0
2022-03-11 14:46:37,668 INFO  frc.robot.commands.AutoMove: Distance: -13.001324789966592 	speed: -0.20996025630100223 	setPoint: -20.0
2022-03-11 14:46:37,688 INFO  frc.robot.commands.AutoMove: Distance: -13.001324789966592 	speed: -0.20996025630100223 	setPoint: -20.0
2022-03-11 14:46:37,708 INFO  frc.robot.commands.AutoMove: Distance: -13.001324789966592 	speed: -0.20996025630100223 	setPoint: -20.0
2022-03-11 14:46:37,727 INFO  frc.robot.commands.AutoMove: Distance: -13.001324789966592 	speed: -0.20996025630100223 	setPoint: -20.0
2022-03-11 14:46:37,748 INFO  frc.robot.commands.AutoMove: Distance: -13.001324789966592 	speed: -0.20996025630100223 	setPoint: -20.0
2022-03-11 14:46:37,768 INFO  frc.robot.commands.AutoMove: Distance: -13.001324789966592 	speed: -0.20996025630100223 	setPoint: -20.0
2022-03-11 14:46:37,788 INFO  frc.robot.commands.AutoMove: Distance: -13.001324789966592 	speed: -0.20996025630100223 	setPoint: -20.0
2022-03-11 14:46:37,806 INFO  frc.robot.commands.AutoMove: Distance: -13.001324789966592 	speed: -0.20996025630100223 	setPoint: -20.0
2022-03-11 14:46:37,828 INFO  frc.robot.commands.AutoMove: Distance: -13.001324789966592 	speed: -0.20996025630100223 	setPoint: -20.0
2022-03-11 14:46:37,847 INFO  frc.robot.commands.AutoMove: Distance: -13.001324789966592 	speed: -0.20996025630100223 	setPoint: -20.0
2022-03-11 14:46:37,868 INFO  frc.robot.commands.AutoMove: Distance: -13.001324789966592 	speed: -0.20996025630100223 	setPoint: -20.0
2022-03-11 14:46:37,887 INFO  frc.robot.commands.AutoMove: Distance: -13.001324789966592 	speed: -0.20996025630100223 	setPoint: -20.0
2022-03-11 14:46:37,909 INFO  frc.robot.commands.AutoMove: Distance: -13.001324789966592 	speed: -0.20996025630100223 	setPoint: -20.0
2022-03-11 14:46:37,928 INFO  frc.robot.commands.AutoMove: Distance: -13.001324789966592 	speed: -0.20996025630100223 	setPoint: -20.0
2022-03-11 14:46:37,948 INFO  frc.robot.commands.AutoMove: Distance: -13.001324789966592 	speed: -0.20996025630100223 	setPoint: -20.0
2022-03-11 14:46:37,967 INFO  frc.robot.commands.AutoMove: Distance: -13.001324789966592 	speed: -0.20996025630100223 	setPoint: -20.0
2022-03-11 14:46:37,987 INFO  frc.robot.commands.AutoMove: Distance: -13.001324789966592 	speed: -0.20996025630100223 	setPoint: -20.0
2022-03-11 14:46:38,008 INFO  frc.robot.commands.AutoMove: Distance: -13.001324789966592 	speed: -0.20996025630100223 	setPoint: -20.0
2022-03-11 14:46:38,026 INFO  frc.robot.commands.AutoMove: Distance: -13.001324789966592 	speed: -0.20996025630100223 	setPoint: -20.0
2022-03-11 14:46:38,048 INFO  frc.robot.commands.AutoMove: Distance: -13.001324789966592 	speed: -0.20996025630100223 	setPoint: -20.0
2022-03-11 14:46:38,068 INFO  frc.robot.commands.AutoMove: Distance: -13.001324789966592 	speed: -0.20996025630100223 	setPoint: -20.0
2022-03-11 14:46:38,088 INFO  frc.robot.commands.AutoMove: Distance: -13.001324789966592 	speed: -0.20996025630100223 	setPoint: -20.0
2022-03-11 14:46:38,109 INFO  frc.robot.commands.AutoMove: Distance: -13.001324789966592 	speed: -0.20996025630100223 	setPoint: -20.0
2022-03-11 14:46:38,128 INFO  frc.robot.commands.AutoMove: Distance: -13.001324789966592 	speed: -0.20996025630100223 	setPoint: -20.0
2022-03-11 14:46:38,148 INFO  frc.robot.commands.AutoMove: Distance: -13.001324789966592 	speed: -0.20996025630100223 	setPoint: -20.0
2022-03-11 14:46:38,168 INFO  frc.robot.commands.AutoMove: Distance: -13.001324789966592 	speed: -0.20996025630100223 	setPoint: -20.0
2022-03-11 14:46:38,187 INFO  frc.robot.commands.AutoMove: Distance: -13.001324789966592 	speed: -0.20996025630100223 	setPoint: -20.0
2022-03-11 14:46:38,208 INFO  frc.robot.commands.AutoMove: Distance: -13.001324789966592 	speed: -0.20996025630100223 	setPoint: -20.0
2022-03-11 15:03:51,427 INFO  frc.robot.Robot: robotInit
2022-03-11 15:03:51,445 INFO  frc.robot.Robot: Git version: 050e4fa (branch: master)
2022-03-11 15:03:51,446 INFO  frc.robot.Robot: Built: 2022-03-11  13:37:37 PST
